@@@@@@@@@@@@@@@@@@@@@@@@@@@@@@@@@@@@@@@@@@@@@@@@@@@@@@@@@@@@@@@@@@@@@@@
@@@@                                                               @@@@
@@          /        ==============================        /         @@
@         ////           @@       @@  #@                  ////        @
@         ////*          @@ @%  @ @@     @@  @ #@#       /////        @
@     ((( ////))))   @@  @% @%  @ @@  #@ @@  @ #@@#   ///////( ///    @
@     ((((, / )))))   @@@@   @@@  @@  ##  @@@   #@#   ///// ,/////    @
@     (((((/ )))((   ==============================   ((((./////*     @
@   *//*./ /  .///   ===  PROGRAMMING LANGUAGE  ===  ////   / ( (//   @
@    ///// / /////   ==============================  *////* / ////    @
@     ///// ///// ((                               (( ///// /////     @
@    ((((/ , (((((                                (((((  //   /(((    @
@    (((((((/ . (((((                             ((((( */ (((((((    @
@      (((((( //((((/((((                    *((((/((((/( (((((/      @
@       .//,   */    (((((                   (((((  ///    .//.       @
@      ,////////./(  (((((*////         (///(((((( ,/(,////////       @
@         //////// ,// ((( /////,     ////// ((( //  ///////*         @
@            (((((((((,//  */////     /////   (//(((((((((            @
@            (((((((((((  (/////       //.///  (((((((((((.           @
@                   (///////// //(   (//.//////////                   @
@                  (/////////             //////////                  @
@                                                                     @
@@          A L G O N Q U I N   C O L L E G E  -  2 0 2 3 W          @@
@@@@                                                               @@@@
@@@@@@@@@@@@@@@@@@@@@@@@@@@@@@@@@@@@@@@@@@@@@@@@@@@@@@@@@@@@@@@@@@@@@@@
argv[0] = C:\Users\isaac\source\repos\JuliusCompiler\out\build\x64-Debug\JuliusCompiler.exe
argv[1] = R
argv[2] = C:\Users\isaac\source\repos\JuliusCompiler\input\INPUT2_Volume.jul

[Option 'R': Starting READER .....]

Reading file C:\Users\isaac\source\repos\JuliusCompiler\input\INPUT2_Volume.jul ....Please wait

Printing buffer parameters:

The capacity of the buffer is:  250
The current size of the buffer is:  182
The operational mode of the buffer is: F
The increment factor of the buffer is:  10
The first symbol in the buffer is:  #
The value of the flags field is: 40
Number of different chars read: 46
Number of errors: 0

Printing buffer contents:

# BOA Example 3:
  Volume of a sphere #
main& {
	data {
		real PI%, r%, Vol%;
	}
	code {
		PI% = 3.14;
		input&(r%);
		Vol% = 4.0 / 3.0 * PI% * (r% * r% * r%);
		print&(Vol%);
	}
}
