@@@@@@@@@@@@@@@@@@@@@@@@@@@@@@@@@@@@@@@@@@@@@@@@@@@@@@@@@@@@@@@@@@@@@@@
@@@@                                                               @@@@
@@          /        ==============================        /         @@
@         ////           @@       @@  #@                  ////        @
@         ////*          @@ @%  @ @@     @@  @ #@#       /////        @
@     ((( ////))))   @@  @% @%  @ @@  #@ @@  @ #@@#   ///////( ///    @
@     ((((, / )))))   @@@@   @@@  @@  ##  @@@   #@#   ///// ,/////    @
@     (((((/ )))((   ==============================   ((((./////*     @
@   *//*./ /  .///   ===  PROGRAMMING LANGUAGE  ===  ////   / ( (//   @
@    ///// / /////   ==============================  *////* / ////    @
@     ///// ///// ((                               (( ///// /////     @
@    ((((/ , (((((                                (((((  //   /(((    @
@    (((((((/ . (((((                             ((((( */ (((((((    @
@      (((((( //((((/((((                    *((((/((((/( (((((/      @
@       .//,   */    (((((                   (((((  ///    .//.       @
@      ,////////./(  (((((*////         (///(((((( ,/(,////////       @
@         //////// ,// ((( /////,     ////// ((( //  ///////*         @
@            (((((((((,//  */////     /////   (//(((((((((            @
@            (((((((((((  (/////       //.///  (((((((((((.           @
@                   (///////// //(   (//.//////////                   @
@                  (/////////             //////////                  @
@                                                                     @
@@          A L G O N Q U I N   C O L L E G E  -  2 0 2 3 W          @@
@@@@                                                               @@@@
@@@@@@@@@@@@@@@@@@@@@@@@@@@@@@@@@@@@@@@@@@@@@@@@@@@@@@@@@@@@@@@@@@@@@@@
argv[0] = C:\Users\isaac\source\repos\JuliusCompiler\out\build\x64-Debug\JuliusCompiler.exe
argv[1] = R
argv[2] = C:\Users\isaac\source\repos\JuliusCompiler\input\INPUT5_General.jul

[Option 'R': Starting READER .....]

Reading file C:\Users\isaac\source\repos\JuliusCompiler\input\INPUT5_General.jul ....Please wait
The input file C:\Users\isaac\source\repos\JuliusCompiler\input\INPUT5_General.jul has not been completely loaded.
Current size of buffer: 250.
Last character read from the input file is: % 37
Input file size: 687

Printing buffer parameters:

The capacity of the buffer is:  250
The current size of the buffer is:  250
The operational mode of the buffer is: F
The increment factor of the buffer is:  10
The first symbol in the buffer is:  #
The value of the flags field is: 40
Number of different chars read: 54
Number of errors: 0

Printing buffer contents:

# SOFIA Example
The program is "lexically" correct and should not generate any error (based on Platypus from Svillen Ranev) #
main& {
	data {
		int i$;
		real a%, sum008%;
		string text@;
	}
	code {
		a%=+1.2;
		sum008% = 7.87050 ;
		input&(a%,sum0