@@@@@@@@@@@@@@@@@@@@@@@@@@@@@@@@@@@@@@@@@@@@@@@@@@@@@@@@@@@@@@@@@@@@@@@
@@@@                                                               @@@@
@@          /        ==============================        /         @@
@         ////           @@       @@  #@                  ////        @
@         ////*          @@ @%  @ @@     @@  @ #@#       /////        @
@     ((( ////))))   @@  @% @%  @ @@  #@ @@  @ #@@#   ///////( ///    @
@     ((((, / )))))   @@@@   @@@  @@  ##  @@@   #@#   ///// ,/////    @
@     (((((/ )))((   ==============================   ((((./////*     @
@   *//*./ /  .///   ===  PROGRAMMING LANGUAGE  ===  ////   / ( (//   @
@    ///// / /////   ==============================  *////* / ////    @
@     ///// ///// ((                               (( ///// /////     @
@    ((((/ , (((((                                (((((  //   /(((    @
@    (((((((/ . (((((                             ((((( */ (((((((    @
@      (((((( //((((/((((                    *((((/((((/( (((((/      @
@       .//,   */    (((((                   (((((  ///    .//.       @
@      ,////////./(  (((((*////         (///(((((( ,/(,////////       @
@         //////// ,// ((( /////,     ////// ((( //  ///////*         @
@            (((((((((,//  */////     /////   (//(((((((((            @
@            (((((((((((  (/////       //.///  (((((((((((.           @
@                   (///////// //(   (//.//////////                   @
@                  (/////////             //////////                  @
@                                                                     @
@@          A L G O N Q U I N   C O L L E G E  -  2 0 2 3 W          @@
@@@@                                                               @@@@
@@@@@@@@@@@@@@@@@@@@@@@@@@@@@@@@@@@@@@@@@@@@@@@@@@@@@@@@@@@@@@@@@@@@@@@
argv[0] = C:\Users\isaac\source\repos\JuliusCompiler\out\build\x64-Debug\ArrowCompiler.exe
argv[1] = R
argv[2] = C:\Users\isaac\source\repos\JuliusCompiler\input\INPUT4_Datatypes.aro

[Option 'R': Starting READER .....]

Reading file C:\Users\isaac\source\repos\JuliusCompiler\input\INPUT4_Datatypes.aro ....Please wait

Printing buffer parameters:

The capacity of the buffer is:  250
The current size of the buffer is:  239
The operational mode of the buffer is: F
The increment factor of the buffer is:  10
The first symbol in the buffer is:  /
The value of the flags field is: 00
Number of different chars read: 57
Number of errors: 0

Printing buffer contents:

/*
Arrow Example
The program is lexically correct about the SOFIA city 
*/
function int main() {
	int FoundationYear = -7000;
	float Area = 492.0, HDI = 0.871;
	string CountryName = 'Bulgary';
	print(CountryName);
	return 0;
}

main();
ÿÍ